<?xml version="1.0" encoding="UTF-8"?>
<!-- Generated by org.testng.reporters.JUnitReportReporter -->
<testsuite hostname="Satheswar" failures="0" tests="2" name="com.testngprograms.Test2Test" time="0.003" errors="0" timestamp="2022-04-23T23:32:17 IST" skipped="0">
  <testcase classname="com.testngprograms.Test2Test" name="ATestmethod2Test" time="0.001"/>
  <system-out/>
  <testcase classname="com.testngprograms.Test2Test" name="BTestmethod1Test" time="0.002"/>
  <system-out/>
</testsuite> <!-- com.testngprograms.Test2Test -->
