<?xml version="1.0" encoding="UTF-8"?>
<!-- Generated by org.testng.reporters.JUnitReportReporter -->
<testsuite hostname="Satheswar" failures="0" tests="2" name="com.testngprograms.createEmploye" time="0.007" errors="0" timestamp="2022-04-24T13:39:40 IST" skipped="0">
  <testcase classname="com.testngprograms.createEmploye" name="UpdateEmployedata" time="0.001"/>
  <system-out/>
  <testcase classname="com.testngprograms.createEmploye" name="VcreateEmployedata" time="0.006"/>
  <system-out/>
</testsuite> <!-- com.testngprograms.createEmploye -->
