<?xml version="1.0" encoding="UTF-8"?>
<!-- Generated by org.testng.reporters.JUnitReportReporter -->
<testsuite hostname="Satheswar" failures="0" tests="3" name="com.apachepoiapi.readexceldata" time="0.721" errors="0" timestamp="2022-05-09T20:45:31 IST" skipped="0">
  <testcase classname="com.apachepoiapi.readexceldata" name="createData" time="0.130"/>
  <system-out/>
  <testcase classname="com.apachepoiapi.readexceldata" name="Readexceldata" time="0.468"/>
  <system-out/>
  <testcase classname="com.apachepoiapi.readexceldata" name="getcountoftestcase" time="0.123"/>
  <system-out/>
</testsuite> <!-- com.apachepoiapi.readexceldata -->
