<?xml version="1.0" encoding="UTF-8"?>
<!-- Generated by org.testng.reporters.JUnitReportReporter -->
<testsuite hostname="Satheswar" failures="0" tests="1" name="com.testngprograms.updateempdetails" time="0.005" errors="0" timestamp="2022-04-24T13:25:19 IST" skipped="0">
  <testcase classname="com.testngprograms.updateempdetails" name="createEmployedata" time="0.005"/>
  <system-out/>
</testsuite> <!-- com.testngprograms.updateempdetails -->
