<?xml version="1.0" encoding="UTF-8"?>
<!-- Generated by org.testng.reporters.JUnitReportReporter -->
<testsuite hostname="Satheswar" failures="0" tests="4" name="com.testngprograms.enabletc" time="0.006" errors="0" timestamp="2022-04-25T14:11:53 IST" skipped="2">
  <testcase classname="com.testngprograms.enabletc" name="Testmethod2" time="0.005"/>
  <system-out/>
  <testcase classname="com.testngprograms.enabletc" name="Testmethod3" time="0.001"/>
  <system-out/>
  <testcase classname="com.testngprograms.enabletc" name="Testmethod4">
    <skipped/>
  </testcase> <!-- Testmethod4 -->
  <system-out/>
  <testcase classname="com.testngprograms.enabletc" name="Testmethod1">
    <skipped/>
  </testcase> <!-- Testmethod1 -->
  <system-out/>
</testsuite> <!-- com.testngprograms.enabletc -->
