<?xml version="1.0" encoding="UTF-8"?>
<!-- Generated by org.testng.reporters.JUnitReportReporter -->
<testsuite hostname="Satheswar" failures="0" tests="2" name="com.testngprograms.group1" time="0.002" errors="0" timestamp="2022-04-24T13:18:47 IST" skipped="0">
  <testcase classname="com.testngprograms.group1" name="Group1MethodTest1" time="0.002"/>
  <system-out/>
  <testcase classname="com.testngprograms.group1" name="Group1MethodTest3" time="0.000"/>
  <system-out/>
</testsuite> <!-- com.testngprograms.group1 -->
