<?xml version="1.0" encoding="UTF-8"?>
<!-- Generated by org.testng.reporters.JUnitReportReporter -->
<testsuite hostname="Satheswar" failures="0" tests="3" name="com.testngprograms.PriorityTestCase" time="0.008" errors="0" timestamp="2022-04-24T15:22:51 IST" skipped="0">
  <testcase classname="com.testngprograms.PriorityTestCase" name="Group1MethodTest2" time="0.006"/>
  <system-out/>
  <testcase classname="com.testngprograms.PriorityTestCase" name="Group1MethodTest3" time="0.001"/>
  <system-out/>
  <testcase classname="com.testngprograms.PriorityTestCase" name="Group1MethodTest1" time="0.001"/>
  <system-out/>
</testsuite> <!-- com.testngprograms.PriorityTestCase -->
