<?xml version="1.0" encoding="UTF-8"?>
<!-- Generated by org.testng.reporters.JUnitReportReporter -->
<testsuite hostname="Satheswar" failures="0" tests="1" name="com.testngprograms.group2" time="0.004" errors="0" timestamp="2022-04-24T13:18:47 IST" skipped="0">
  <testcase classname="com.testngprograms.group2" name="Group2MethodTest2" time="0.004"/>
  <system-out/>
</testsuite> <!-- com.testngprograms.group2 -->
