<?xml version="1.0" encoding="UTF-8"?>
<!-- Generated by org.testng.reporters.JUnitReportReporter -->
<testsuite hostname="Satheswar" failures="0" tests="1" name="com.testngprograms.Test4Test" time="0.001" errors="0" timestamp="2022-04-24T13:18:47 IST" skipped="0">
  <testcase classname="com.testngprograms.Test4Test" name="Testmethod2Test" time="0.001"/>
  <system-out/>
</testsuite> <!-- com.testngprograms.Test4Test -->
