<?xml version="1.0" encoding="UTF-8"?>
<!-- Generated by org.testng.reporters.JUnitReportReporter -->
<testsuite hostname="Satheswar" failures="0" tests="1" name="com.testngprograms.fileuploadusingrobot" time="10.708" errors="0" timestamp="2022-05-13T17:36:34 IST" skipped="0">
  <testcase classname="com.testngprograms.fileuploadusingrobot" name="fileupload_testdoc" time="10.708"/>
  <system-out/>
</testsuite> <!-- com.testngprograms.fileuploadusingrobot -->
