<?xml version="1.0" encoding="UTF-8"?>
<!-- Generated by org.testng.reporters.JUnitReportReporter -->
<testsuite hostname="Satheswar" failures="0" tests="1" name="com.testngprograms.test1" time="0.008" errors="0" timestamp="2022-04-23T22:08:26 IST" skipped="0">
  <testcase classname="com.testngprograms.test1" name="test" time="0.008"/>
  <system-out/>
</testsuite> <!-- com.testngprograms.test1 -->
