<?xml version="1.0" encoding="UTF-8"?>
<!-- Generated by org.testng.reporters.JUnitReportReporter -->
<testsuite hostname="Satheswar" failures="0" tests="1" name="com.testngprograms.parelelexe2" time="4.509" errors="0" timestamp="2022-05-07T20:34:52 IST" skipped="0">
  <testcase classname="com.testngprograms.parelelexe2" name="parel1" time="4.509"/>
  <system-out/>
</testsuite> <!-- com.testngprograms.parelelexe2 -->
