<?xml version="1.0" encoding="UTF-8"?>
<!-- Generated by org.testng.reporters.JUnitReportReporter -->
<testsuite hostname="Satheswar" failures="0" tests="10" name="com.testngprograms.invocationcnt" time="0.011" errors="0" timestamp="2022-04-25T14:01:09 IST" skipped="0">
  <testcase classname="com.testngprograms.invocationcnt" name="Testmethod1Test" time="0.000"/>
  <system-out/>
  <testcase classname="com.testngprograms.invocationcnt" name="Testmethod1Test" time="0.001"/>
  <system-out/>
  <testcase classname="com.testngprograms.invocationcnt" name="Testmethod1Test" time="0.001"/>
  <system-out/>
  <testcase classname="com.testngprograms.invocationcnt" name="Testmethod1Test" time="0.006"/>
  <system-out/>
  <testcase classname="com.testngprograms.invocationcnt" name="Testmethod1Test" time="0.001"/>
  <system-out/>
  <testcase classname="com.testngprograms.invocationcnt" name="Testmethod1Test" time="0.000"/>
  <system-out/>
  <testcase classname="com.testngprograms.invocationcnt" name="Testmethod1Test" time="0.000"/>
  <system-out/>
  <testcase classname="com.testngprograms.invocationcnt" name="Testmethod1Test" time="0.001"/>
  <system-out/>
  <testcase classname="com.testngprograms.invocationcnt" name="Testmethod1Test" time="0.001"/>
  <system-out/>
  <testcase classname="com.testngprograms.invocationcnt" name="Testmethod1Test" time="0.000"/>
  <system-out/>
</testsuite> <!-- com.testngprograms.invocationcnt -->
