<?xml version="1.0" encoding="UTF-8"?>
<!-- Generated by org.testng.reporters.JUnitReportReporter -->
<testsuite hostname="Satheswar" failures="0" tests="1" name="com.testngprograms.parallelexe1" time="2.881" errors="0" timestamp="2022-05-07T20:34:52 IST" skipped="0">
  <testcase classname="com.testngprograms.parallelexe1" name="parell" time="2.881"/>
  <system-out/>
</testsuite> <!-- com.testngprograms.parallelexe1 -->
